{"/Users/pranjalkumarverma/Desktop/KATA-Incubyte/backend/src/models/User.js": {"path":"/Users/pranjalkumarverma/Desktop/KATA-Incubyte/backend/src/models/User.js","statementMap":{"0":{"start":{"line":4,"column":19},"end":{"line":32,"column":2}},"1":{"start":{"line":35,"column":0},"end":{"line":41,"column":3}},"2":{"start":{"line":36,"column":2},"end":{"line":38,"column":3}},"3":{"start":{"line":37,"column":4},"end":{"line":37,"column":11}},"4":{"start":{"line":39,"column":15},"end":{"line":39,"column":39}},"5":{"start":{"line":40,"column":2},"end":{"line":40,"column":57}},"6":{"start":{"line":44,"column":0},"end":{"line":46,"column":2}},"7":{"start":{"line":45,"column":2},"end":{"line":45,"column":62}}},"fnMap":{"0":{"name":"(anonymous_0)","decl":{"start":{"line":35,"column":23},"end":{"line":35,"column":24}},"loc":{"start":{"line":35,"column":44},"end":{"line":41,"column":1}},"line":35},"1":{"name":"(anonymous_1)","decl":{"start":{"line":44,"column":37},"end":{"line":44,"column":38}},"loc":{"start":{"line":44,"column":69},"end":{"line":46,"column":1}},"line":44}},"branchMap":{"0":{"loc":{"start":{"line":36,"column":2},"end":{"line":38,"column":3}},"type":"if","locations":[{"start":{"line":36,"column":2},"end":{"line":38,"column":3}},{"start":{},"end":{}}],"line":36}},"s":{"0":1,"1":1,"2":5,"3":0,"4":5,"5":5,"6":1,"7":2},"f":{"0":5,"1":2},"b":{"0":[0,5]},"inputSourceMap":null,"_coverageSchema":"1a1c01bbd47fc00a2c39e90264f33305004495a9","hash":"0cd3a2a3ed8b0ed3661806d6b86efb979c5d9776"}
}
